d:\sem 6\game engine dev ii\assignments\a1-final\a1\game3015_a1_101268880\x64\debug\vc142.pdb
d:\sem 6\game engine dev ii\assignments\a1-final\a1\game3015_a1_101268880\x64\debug\vc142.idb
d:\sem 6\game engine dev ii\assignments\a1-final\a1\game3015_a1_101268880\x64\debug\world.obj
d:\sem 6\game engine dev ii\assignments\a1-final\a1\game3015_a1_101268880\x64\debug\spritenode.obj
d:\sem 6\game engine dev ii\assignments\a1-final\a1\game3015_a1_101268880\x64\debug\scenenode.obj
d:\sem 6\game engine dev ii\assignments\a1-final\a1\game3015_a1_101268880\x64\debug\main.obj
d:\sem 6\game engine dev ii\assignments\a1-final\a1\game3015_a1_101268880\x64\debug\game.obj
d:\sem 6\game engine dev ii\assignments\a1-final\a1\game3015_a1_101268880\x64\debug\frameresource.obj
d:\sem 6\game engine dev ii\assignments\a1-final\a1\game3015_a1_101268880\x64\debug\entity.obj
d:\sem 6\game engine dev ii\assignments\a1-final\a1\game3015_a1_101268880\x64\debug\mathhelper.obj
d:\sem 6\game engine dev ii\assignments\a1-final\a1\game3015_a1_101268880\x64\debug\geometrygenerator.obj
d:\sem 6\game engine dev ii\assignments\a1-final\a1\game3015_a1_101268880\x64\debug\gametimer.obj
d:\sem 6\game engine dev ii\assignments\a1-final\a1\game3015_a1_101268880\x64\debug\ddstextureloader.obj
d:\sem 6\game engine dev ii\assignments\a1-final\a1\game3015_a1_101268880\x64\debug\d3dutil.obj
d:\sem 6\game engine dev ii\assignments\a1-final\a1\game3015_a1_101268880\x64\debug\d3dapp.obj
d:\sem 6\game engine dev ii\assignments\a1-final\a1\game3015_a1_101268880\x64\debug\camera.obj
d:\sem 6\game engine dev ii\assignments\a1-final\a1\game3015_a1_101268880\x64\debug\aircraft.obj
d:\sem 6\game engine dev ii\assignments\a1-final\a1\game3015_a1_101268880\x64\debug\texwaves.exe
d:\sem 6\game engine dev ii\assignments\a1-final\a1\game3015_a1_101268880\x64\debug\texwaves.ilk
d:\sem 6\game engine dev ii\assignments\a1-final\a1\game3015_a1_101268880\x64\debug\texwaves.pdb
d:\sem 6\game engine dev ii\assignments\a1-final\a1\game3015_a1_101268880\x64\debug\texwaves.tlog\cl.command.1.tlog
d:\sem 6\game engine dev ii\assignments\a1-final\a1\game3015_a1_101268880\x64\debug\texwaves.tlog\cl.read.1.tlog
d:\sem 6\game engine dev ii\assignments\a1-final\a1\game3015_a1_101268880\x64\debug\texwaves.tlog\cl.write.1.tlog
d:\sem 6\game engine dev ii\assignments\a1-final\a1\game3015_a1_101268880\x64\debug\texwaves.tlog\link.command.1.tlog
d:\sem 6\game engine dev ii\assignments\a1-final\a1\game3015_a1_101268880\x64\debug\texwaves.tlog\link.read.1.tlog
d:\sem 6\game engine dev ii\assignments\a1-final\a1\game3015_a1_101268880\x64\debug\texwaves.tlog\link.write.1.tlog
