  Aircraft.cpp
  Command.cpp
  Entity.cpp
  Game.cpp
  GameState.cpp
C:\Users\Julia\Desktop\Game Engine Development II\TexWaves\GameState.cpp(14,55): warning C4267: 'argument': conversion from 'size_t' to 'int', possible loss of data
  MenuState.cpp
C:\Users\Julia\Desktop\Game Engine Development II\TexWaves\MenuState.cpp(18,58): warning C4267: 'argument': conversion from 'size_t' to 'int', possible loss of data
  PauseState.cpp
C:\Users\Julia\Desktop\Game Engine Development II\TexWaves\PauseState.cpp(18,58): warning C4267: 'argument': conversion from 'size_t' to 'int', possible loss of data
  Player.cpp
  SceneNode.cpp
  SpriteNode.cpp
  State.cpp
  StateStack.cpp
  TitleState.cpp
C:\Users\Julia\Desktop\Game Engine Development II\TexWaves\TitleState.cpp(19,58): warning C4267: 'argument': conversion from 'size_t' to 'int', possible loss of data
  World.cpp
  main.cpp
  Generating Code...
  CommandQueue.cpp
  TexWaves.vcxproj -> C:\Users\Julia\Desktop\Game Engine Development II\TexWaves\x64\Debug\TexWaves.exe
